<?xml version="1.0" encoding="UTF-8"?>
<testsuite name="com.example.ceiec.slidingmenu.ExampleUnitTest" tests="1" skipped="0" failures="0" errors="0" timestamp="2016-05-12T10:05:50" hostname="jun-PC" time="0.001">
  <properties/>
  <testcase name="addition_isCorrect" classname="com.example.ceiec.slidingmenu.ExampleUnitTest" time="0.001"/>
  <system-out><![CDATA[]]></system-out>
  <system-err><![CDATA[]]></system-err>
</testsuite>
